<?xml version="1.0" encoding="UTF-8" ?>
<testsuite failures="0" time="0.004" errors="0" skipped="0" tests="3" name="org.audit4j.core.TroubleshootManagerTest">
  <properties>
[...]
</properties>
  <testcase time="0.001" classname="org.audit4j.core.TroubleshootManagerTest" name="testTroubleshootEvent_Null_Event"/>
  <testcase time="0.001" classname="org.audit4j.core.TroubleshootManagerTest" name="testTroubleshootEvent_Actor"/>
  <testcase time="0" classname="org.audit4j.core.TroubleshootManagerTest" name="testTroubleshootEvent_Orign"/>
</testsuite>